2019-05-26T10:42:24+00:00 DEBUG 
====Stripe Version: 4.1.16====
====Start Log====
Keys are not set correctly.
====End Log====


2019-05-26T15:44:53+00:00 DEBUG 
====Stripe Version: 4.1.16====
====Start Log====
Keys are not set correctly.
====End Log====


2019-05-26T23:00:15+00:00 DEBUG 
====Stripe Version: 4.1.16====
====Start Log====
Keys are not set correctly.
====End Log====


2019-05-26T23:07:27+00:00 DEBUG 
====Stripe Version: 4.1.16====
====Start Log====
Keys are not set correctly.
====End Log====


2019-05-26T23:11:11+00:00 DEBUG 
====Stripe Version: 4.1.16====
====Start Log====
Keys are not set correctly.
====End Log====


